The system is: Linux - 2.6.32-754.11.1.el6.x86_64 - x86_64
Compiling the CXX compiler identification source file "CMakeCXXCompilerId.cpp" succeeded.
Compiler: /gpfslocal/pub/gnu/7.3.0/install/bin/g++ 
Build flags: 
Id flags:  

The output was:
0


Compilation of the CXX compiler identification source "CMakeCXXCompilerId.cpp" produced "a.out"

The CXX compiler identification is GNU, found in "/gpfsdata/zziqiang/new/aLaR/new/euler_kokkos_two_phase_ftac/buil/CMakeFiles/3.14.1/CompilerIdCXX/a.out"

Compiling the C compiler identification source file "CMakeCCompilerId.c" succeeded.
Compiler: /gpfslocal/pub/gnu/7.3.0/install/bin/gcc 
Build flags: 
Id flags:  

The output was:
0


Compilation of the C compiler identification source "CMakeCCompilerId.c" produced "a.out"

The C compiler identification is GNU, found in "/gpfsdata/zziqiang/new/aLaR/new/euler_kokkos_two_phase_ftac/buil/CMakeFiles/3.14.1/CompilerIdC/a.out"

Determining if the CXX compiler works passed with the following output:
Change Dir: /gpfsdata/zziqiang/new/aLaR/new/euler_kokkos_two_phase_ftac/buil/CMakeFiles/CMakeTmp

Run Build Command(s):/usr/bin/gmake cmTC_e7d57/fast 
/usr/bin/gmake -f CMakeFiles/cmTC_e7d57.dir/build.make CMakeFiles/cmTC_e7d57.dir/build
gmake[1]: entrant dans le répertoire « /gpfsdata/zziqiang/new/aLaR/new/euler_kokkos_two_phase_ftac/buil/CMakeFiles/CMakeTmp »
Building CXX object CMakeFiles/cmTC_e7d57.dir/testCXXCompiler.cxx.o
/gpfslocal/pub/gnu/7.3.0/install/bin/g++     -o CMakeFiles/cmTC_e7d57.dir/testCXXCompiler.cxx.o -c /gpfsdata/zziqiang/new/aLaR/new/euler_kokkos_two_phase_ftac/buil/CMakeFiles/CMakeTmp/testCXXCompiler.cxx
Linking CXX executable cmTC_e7d57
/gpfs1l/gpfslocal/pub/cmake/build-3.14.1-gnu54/bin/cmake -E cmake_link_script CMakeFiles/cmTC_e7d57.dir/link.txt --verbose=1
/gpfslocal/pub/gnu/7.3.0/install/bin/g++       -rdynamic CMakeFiles/cmTC_e7d57.dir/testCXXCompiler.cxx.o  -o cmTC_e7d57 
gmake[1]: quittant le répertoire « /gpfsdata/zziqiang/new/aLaR/new/euler_kokkos_two_phase_ftac/buil/CMakeFiles/CMakeTmp »


Detecting CXX compiler ABI info compiled with the following output:
Change Dir: /gpfsdata/zziqiang/new/aLaR/new/euler_kokkos_two_phase_ftac/buil/CMakeFiles/CMakeTmp

Run Build Command(s):/usr/bin/gmake cmTC_45b2e/fast 
/usr/bin/gmake -f CMakeFiles/cmTC_45b2e.dir/build.make CMakeFiles/cmTC_45b2e.dir/build
gmake[1]: Entering directory `/gpfsdata/zziqiang/new/aLaR/new/euler_kokkos_two_phase_ftac/buil/CMakeFiles/CMakeTmp'
Building CXX object CMakeFiles/cmTC_45b2e.dir/CMakeCXXCompilerABI.cpp.o
/gpfslocal/pub/gnu/7.3.0/install/bin/g++    -v -o CMakeFiles/cmTC_45b2e.dir/CMakeCXXCompilerABI.cpp.o -c /gpfs1l/gpfslocal/pub/cmake/build-3.14.1-gnu54/share/cmake-3.14/Modules/CMakeCXXCompilerABI.cpp
Using built-in specs.
COLLECT_GCC=/gpfslocal/pub/gnu/7.3.0/install/bin/g++
Target: x86_64-pc-linux-gnu
Configured with: /gpfs1l/gpfslocal/pub/gnu/7.3.0/src/gcc-7.3.0/configure --prefix=/gpfs1l/gpfslocal/pub/gnu/7.3.0/install --disable-multilib --with-as=/gpfs1l/gpfslocal/pub/binutils/2.30/install/bin/as --with-ld=/gpfs1l/gpfslocal/pub/binutils/2.30/install/bin/ld
Thread model: posix
gcc version 7.3.0 (GCC) 
COLLECT_GCC_OPTIONS='-v' '-o' 'CMakeFiles/cmTC_45b2e.dir/CMakeCXXCompilerABI.cpp.o' '-c' '-shared-libgcc' '-mtune=generic' '-march=x86-64'
 /gpfs1l/gpfslocal/pub/gnu/7.3.0/install/libexec/gcc/x86_64-pc-linux-gnu/7.3.0/cc1plus -quiet -v -D_GNU_SOURCE /gpfs1l/gpfslocal/pub/cmake/build-3.14.1-gnu54/share/cmake-3.14/Modules/CMakeCXXCompilerABI.cpp -quiet -dumpbase CMakeCXXCompilerABI.cpp -mtune=generic -march=x86-64 -auxbase-strip CMakeFiles/cmTC_45b2e.dir/CMakeCXXCompilerABI.cpp.o -version -o /gpfslocal/pub/tmp/ccVueyYp.s
GNU C++14 (GCC) version 7.3.0 (x86_64-pc-linux-gnu)
	compiled by GNU C version 7.3.0, GMP version 6.1.2, MPFR version 3.1.6, MPC version 1.0.3, isl version isl-0.19-GMP

GGC heuristics: --param ggc-min-expand=100 --param ggc-min-heapsize=131072
ignoring nonexistent directory "/gpfs1l/gpfslocal/pub/gnu/7.3.0/install/lib/gcc/x86_64-pc-linux-gnu/7.3.0/../../../../x86_64-pc-linux-gnu/include"
#include "..." search starts here:
#include <...> search starts here:
 /gpfs1l/gpfslocal/pub/gnu/7.3.0/install/lib/gcc/x86_64-pc-linux-gnu/7.3.0/../../../../include/c++/7.3.0
 /gpfs1l/gpfslocal/pub/gnu/7.3.0/install/lib/gcc/x86_64-pc-linux-gnu/7.3.0/../../../../include/c++/7.3.0/x86_64-pc-linux-gnu
 /gpfs1l/gpfslocal/pub/gnu/7.3.0/install/lib/gcc/x86_64-pc-linux-gnu/7.3.0/../../../../include/c++/7.3.0/backward
 /gpfs1l/gpfslocal/pub/gnu/7.3.0/install/lib/gcc/x86_64-pc-linux-gnu/7.3.0/include
 /usr/local/include
 /gpfs1l/gpfslocal/pub/gnu/7.3.0/install/include
 /gpfs1l/gpfslocal/pub/gnu/7.3.0/install/lib/gcc/x86_64-pc-linux-gnu/7.3.0/include-fixed
 /usr/include
End of search list.
GNU C++14 (GCC) version 7.3.0 (x86_64-pc-linux-gnu)
	compiled by GNU C version 7.3.0, GMP version 6.1.2, MPFR version 3.1.6, MPC version 1.0.3, isl version isl-0.19-GMP

GGC heuristics: --param ggc-min-expand=100 --param ggc-min-heapsize=131072
Compiler executable checksum: a4ff714006fb4627ac39508051f307df
COLLECT_GCC_OPTIONS='-v' '-o' 'CMakeFiles/cmTC_45b2e.dir/CMakeCXXCompilerABI.cpp.o' '-c' '-shared-libgcc' '-mtune=generic' '-march=x86-64'
 /gpfs1l/gpfslocal/pub/binutils/2.30/install/bin/as -v --64 -o CMakeFiles/cmTC_45b2e.dir/CMakeCXXCompilerABI.cpp.o /gpfslocal/pub/tmp/ccVueyYp.s
GNU assembler version 2.30 (x86_64-pc-linux-gnu) using BFD version (GNU Binutils) 2.30
COMPILER_PATH=/gpfs1l/gpfslocal/pub/gnu/7.3.0/install/libexec/gcc/x86_64-pc-linux-gnu/7.3.0/:/gpfs1l/gpfslocal/pub/gnu/7.3.0/install/libexec/gcc/x86_64-pc-linux-gnu/7.3.0/:/gpfs1l/gpfslocal/pub/gnu/7.3.0/install/libexec/gcc/x86_64-pc-linux-gnu/:/gpfs1l/gpfslocal/pub/gnu/7.3.0/install/lib/gcc/x86_64-pc-linux-gnu/7.3.0/:/gpfs1l/gpfslocal/pub/gnu/7.3.0/install/lib/gcc/x86_64-pc-linux-gnu/
LIBRARY_PATH=/gpfs1l/gpfslocal/pub/gnu/7.3.0/install/lib/gcc/x86_64-pc-linux-gnu/7.3.0/:/gpfs1l/gpfslocal/pub/gnu/7.3.0/install/lib/gcc/x86_64-pc-linux-gnu/7.3.0/../../../../lib64/:/lib/../lib64/:/usr/lib/../lib64/:/gpfs1l/gpfslocal/pub/gnu/7.3.0/install/lib/gcc/x86_64-pc-linux-gnu/7.3.0/../../../:/lib/:/usr/lib/
COLLECT_GCC_OPTIONS='-v' '-o' 'CMakeFiles/cmTC_45b2e.dir/CMakeCXXCompilerABI.cpp.o' '-c' '-shared-libgcc' '-mtune=generic' '-march=x86-64'
Linking CXX executable cmTC_45b2e
/gpfs1l/gpfslocal/pub/cmake/build-3.14.1-gnu54/bin/cmake -E cmake_link_script CMakeFiles/cmTC_45b2e.dir/link.txt --verbose=1
/gpfslocal/pub/gnu/7.3.0/install/bin/g++      -v -rdynamic CMakeFiles/cmTC_45b2e.dir/CMakeCXXCompilerABI.cpp.o  -o cmTC_45b2e 
Using built-in specs.
COLLECT_GCC=/gpfslocal/pub/gnu/7.3.0/install/bin/g++
COLLECT_LTO_WRAPPER=/gpfs1l/gpfslocal/pub/gnu/7.3.0/install/libexec/gcc/x86_64-pc-linux-gnu/7.3.0/lto-wrapper
Target: x86_64-pc-linux-gnu
Configured with: /gpfs1l/gpfslocal/pub/gnu/7.3.0/src/gcc-7.3.0/configure --prefix=/gpfs1l/gpfslocal/pub/gnu/7.3.0/install --disable-multilib --with-as=/gpfs1l/gpfslocal/pub/binutils/2.30/install/bin/as --with-ld=/gpfs1l/gpfslocal/pub/binutils/2.30/install/bin/ld
Thread model: posix
gcc version 7.3.0 (GCC) 
COMPILER_PATH=/gpfs1l/gpfslocal/pub/gnu/7.3.0/install/libexec/gcc/x86_64-pc-linux-gnu/7.3.0/:/gpfs1l/gpfslocal/pub/gnu/7.3.0/install/libexec/gcc/x86_64-pc-linux-gnu/7.3.0/:/gpfs1l/gpfslocal/pub/gnu/7.3.0/install/libexec/gcc/x86_64-pc-linux-gnu/:/gpfs1l/gpfslocal/pub/gnu/7.3.0/install/lib/gcc/x86_64-pc-linux-gnu/7.3.0/:/gpfs1l/gpfslocal/pub/gnu/7.3.0/install/lib/gcc/x86_64-pc-linux-gnu/
LIBRARY_PATH=/gpfs1l/gpfslocal/pub/gnu/7.3.0/install/lib/gcc/x86_64-pc-linux-gnu/7.3.0/:/gpfs1l/gpfslocal/pub/gnu/7.3.0/install/lib/gcc/x86_64-pc-linux-gnu/7.3.0/../../../../lib64/:/lib/../lib64/:/usr/lib/../lib64/:/gpfs1l/gpfslocal/pub/gnu/7.3.0/install/lib/gcc/x86_64-pc-linux-gnu/7.3.0/../../../:/lib/:/usr/lib/
COLLECT_GCC_OPTIONS='-v' '-rdynamic' '-o' 'cmTC_45b2e' '-shared-libgcc' '-mtune=generic' '-march=x86-64'
 /gpfs1l/gpfslocal/pub/gnu/7.3.0/install/libexec/gcc/x86_64-pc-linux-gnu/7.3.0/collect2 -plugin /gpfs1l/gpfslocal/pub/gnu/7.3.0/install/libexec/gcc/x86_64-pc-linux-gnu/7.3.0/liblto_plugin.so -plugin-opt=/gpfs1l/gpfslocal/pub/gnu/7.3.0/install/libexec/gcc/x86_64-pc-linux-gnu/7.3.0/lto-wrapper -plugin-opt=-fresolution=/gpfslocal/pub/tmp/ccz68Jkw.res -plugin-opt=-pass-through=-lgcc_s -plugin-opt=-pass-through=-lgcc -plugin-opt=-pass-through=-lc -plugin-opt=-pass-through=-lgcc_s -plugin-opt=-pass-through=-lgcc --eh-frame-hdr -m elf_x86_64 -export-dynamic -dynamic-linker /lib64/ld-linux-x86-64.so.2 -o cmTC_45b2e /usr/lib/../lib64/crt1.o /usr/lib/../lib64/crti.o /gpfs1l/gpfslocal/pub/gnu/7.3.0/install/lib/gcc/x86_64-pc-linux-gnu/7.3.0/crtbegin.o -L/gpfs1l/gpfslocal/pub/gnu/7.3.0/install/lib/gcc/x86_64-pc-linux-gnu/7.3.0 -L/gpfs1l/gpfslocal/pub/gnu/7.3.0/install/lib/gcc/x86_64-pc-linux-gnu/7.3.0/../../../../lib64 -L/lib/../lib64 -L/usr/lib/../lib64 -L/gpfs1l/gpfslocal/pub/gnu/7.3.0/install/lib/gcc/x86_64-pc-linux-gnu/7.3.0/../../.. CMakeFiles/cmTC_45b2e.dir/CMakeCXXCompilerABI.cpp.o -lstdc++ -lm -lgcc_s -lgcc -lc -lgcc_s -lgcc /gpfs1l/gpfslocal/pub/gnu/7.3.0/install/lib/gcc/x86_64-pc-linux-gnu/7.3.0/crtend.o /usr/lib/../lib64/crtn.o
COLLECT_GCC_OPTIONS='-v' '-rdynamic' '-o' 'cmTC_45b2e' '-shared-libgcc' '-mtune=generic' '-march=x86-64'
gmake[1]: Leaving directory `/gpfsdata/zziqiang/new/aLaR/new/euler_kokkos_two_phase_ftac/buil/CMakeFiles/CMakeTmp'


Parsed CXX implicit include dir info from above output: rv=done
  found start of include info
  found start of implicit include info
    add: [/gpfs1l/gpfslocal/pub/gnu/7.3.0/install/lib/gcc/x86_64-pc-linux-gnu/7.3.0/../../../../include/c++/7.3.0]
    add: [/gpfs1l/gpfslocal/pub/gnu/7.3.0/install/lib/gcc/x86_64-pc-linux-gnu/7.3.0/../../../../include/c++/7.3.0/x86_64-pc-linux-gnu]
    add: [/gpfs1l/gpfslocal/pub/gnu/7.3.0/install/lib/gcc/x86_64-pc-linux-gnu/7.3.0/../../../../include/c++/7.3.0/backward]
    add: [/gpfs1l/gpfslocal/pub/gnu/7.3.0/install/lib/gcc/x86_64-pc-linux-gnu/7.3.0/include]
    add: [/usr/local/include]
    add: [/gpfs1l/gpfslocal/pub/gnu/7.3.0/install/include]
    add: [/gpfs1l/gpfslocal/pub/gnu/7.3.0/install/lib/gcc/x86_64-pc-linux-gnu/7.3.0/include-fixed]
    add: [/usr/include]
  end of search list found
  collapse include dir [/gpfs1l/gpfslocal/pub/gnu/7.3.0/install/lib/gcc/x86_64-pc-linux-gnu/7.3.0/../../../../include/c++/7.3.0] ==> [/gpfs1l/gpfslocal/pub/gnu/7.3.0/install/include/c++/7.3.0]
  collapse include dir [/gpfs1l/gpfslocal/pub/gnu/7.3.0/install/lib/gcc/x86_64-pc-linux-gnu/7.3.0/../../../../include/c++/7.3.0/x86_64-pc-linux-gnu] ==> [/gpfs1l/gpfslocal/pub/gnu/7.3.0/install/include/c++/7.3.0/x86_64-pc-linux-gnu]
  collapse include dir [/gpfs1l/gpfslocal/pub/gnu/7.3.0/install/lib/gcc/x86_64-pc-linux-gnu/7.3.0/../../../../include/c++/7.3.0/backward] ==> [/gpfs1l/gpfslocal/pub/gnu/7.3.0/install/include/c++/7.3.0/backward]
  collapse include dir [/gpfs1l/gpfslocal/pub/gnu/7.3.0/install/lib/gcc/x86_64-pc-linux-gnu/7.3.0/include] ==> [/gpfs1l/gpfslocal/pub/gnu/7.3.0/install/lib/gcc/x86_64-pc-linux-gnu/7.3.0/include]
  collapse include dir [/usr/local/include] ==> [/usr/local/include]
  collapse include dir [/gpfs1l/gpfslocal/pub/gnu/7.3.0/install/include] ==> [/gpfs1l/gpfslocal/pub/gnu/7.3.0/install/include]
  collapse include dir [/gpfs1l/gpfslocal/pub/gnu/7.3.0/install/lib/gcc/x86_64-pc-linux-gnu/7.3.0/include-fixed] ==> [/gpfs1l/gpfslocal/pub/gnu/7.3.0/install/lib/gcc/x86_64-pc-linux-gnu/7.3.0/include-fixed]
  collapse include dir [/usr/include] ==> [/usr/include]
  implicit include dirs: [/gpfs1l/gpfslocal/pub/gnu/7.3.0/install/include/c++/7.3.0;/gpfs1l/gpfslocal/pub/gnu/7.3.0/install/include/c++/7.3.0/x86_64-pc-linux-gnu;/gpfs1l/gpfslocal/pub/gnu/7.3.0/install/include/c++/7.3.0/backward;/gpfs1l/gpfslocal/pub/gnu/7.3.0/install/lib/gcc/x86_64-pc-linux-gnu/7.3.0/include;/usr/local/include;/gpfs1l/gpfslocal/pub/gnu/7.3.0/install/include;/gpfs1l/gpfslocal/pub/gnu/7.3.0/install/lib/gcc/x86_64-pc-linux-gnu/7.3.0/include-fixed;/usr/include]


Parsed CXX implicit link information from above output:
  link line regex: [^( *|.*[/\])(ld|CMAKE_LINK_STARTFILE-NOTFOUND|([^/\]+-)?ld|collect2)[^/\]*( |$)]
  ignore line: [Change Dir: /gpfsdata/zziqiang/new/aLaR/new/euler_kokkos_two_phase_ftac/buil/CMakeFiles/CMakeTmp]
  ignore line: []
  ignore line: [Run Build Command(s):/usr/bin/gmake cmTC_45b2e/fast ]
  ignore line: [/usr/bin/gmake -f CMakeFiles/cmTC_45b2e.dir/build.make CMakeFiles/cmTC_45b2e.dir/build]
  ignore line: [gmake[1]: Entering directory `/gpfsdata/zziqiang/new/aLaR/new/euler_kokkos_two_phase_ftac/buil/CMakeFiles/CMakeTmp']
  ignore line: [Building CXX object CMakeFiles/cmTC_45b2e.dir/CMakeCXXCompilerABI.cpp.o]
  ignore line: [/gpfslocal/pub/gnu/7.3.0/install/bin/g++    -v -o CMakeFiles/cmTC_45b2e.dir/CMakeCXXCompilerABI.cpp.o -c /gpfs1l/gpfslocal/pub/cmake/build-3.14.1-gnu54/share/cmake-3.14/Modules/CMakeCXXCompilerABI.cpp]
  ignore line: [Using built-in specs.]
  ignore line: [COLLECT_GCC=/gpfslocal/pub/gnu/7.3.0/install/bin/g++]
  ignore line: [Target: x86_64-pc-linux-gnu]
  ignore line: [Configured with: /gpfs1l/gpfslocal/pub/gnu/7.3.0/src/gcc-7.3.0/configure --prefix=/gpfs1l/gpfslocal/pub/gnu/7.3.0/install --disable-multilib --with-as=/gpfs1l/gpfslocal/pub/binutils/2.30/install/bin/as --with-ld=/gpfs1l/gpfslocal/pub/binutils/2.30/install/bin/ld]
  ignore line: [Thread model: posix]
  ignore line: [gcc version 7.3.0 (GCC) ]
  ignore line: [COLLECT_GCC_OPTIONS='-v' '-o' 'CMakeFiles/cmTC_45b2e.dir/CMakeCXXCompilerABI.cpp.o' '-c' '-shared-libgcc' '-mtune=generic' '-march=x86-64']
  ignore line: [ /gpfs1l/gpfslocal/pub/gnu/7.3.0/install/libexec/gcc/x86_64-pc-linux-gnu/7.3.0/cc1plus -quiet -v -D_GNU_SOURCE /gpfs1l/gpfslocal/pub/cmake/build-3.14.1-gnu54/share/cmake-3.14/Modules/CMakeCXXCompilerABI.cpp -quiet -dumpbase CMakeCXXCompilerABI.cpp -mtune=generic -march=x86-64 -auxbase-strip CMakeFiles/cmTC_45b2e.dir/CMakeCXXCompilerABI.cpp.o -version -o /gpfslocal/pub/tmp/ccVueyYp.s]
  ignore line: [GNU C++14 (GCC) version 7.3.0 (x86_64-pc-linux-gnu)]
  ignore line: [	compiled by GNU C version 7.3.0, GMP version 6.1.2, MPFR version 3.1.6, MPC version 1.0.3, isl version isl-0.19-GMP]
  ignore line: []
  ignore line: [GGC heuristics: --param ggc-min-expand=100 --param ggc-min-heapsize=131072]
  ignore line: [ignoring nonexistent directory "/gpfs1l/gpfslocal/pub/gnu/7.3.0/install/lib/gcc/x86_64-pc-linux-gnu/7.3.0/../../../../x86_64-pc-linux-gnu/include"]
  ignore line: [#include "..." search starts here:]
  ignore line: [#include <...> search starts here:]
  ignore line: [ /gpfs1l/gpfslocal/pub/gnu/7.3.0/install/lib/gcc/x86_64-pc-linux-gnu/7.3.0/../../../../include/c++/7.3.0]
  ignore line: [ /gpfs1l/gpfslocal/pub/gnu/7.3.0/install/lib/gcc/x86_64-pc-linux-gnu/7.3.0/../../../../include/c++/7.3.0/x86_64-pc-linux-gnu]
  ignore line: [ /gpfs1l/gpfslocal/pub/gnu/7.3.0/install/lib/gcc/x86_64-pc-linux-gnu/7.3.0/../../../../include/c++/7.3.0/backward]
  ignore line: [ /gpfs1l/gpfslocal/pub/gnu/7.3.0/install/lib/gcc/x86_64-pc-linux-gnu/7.3.0/include]
  ignore line: [ /usr/local/include]
  ignore line: [ /gpfs1l/gpfslocal/pub/gnu/7.3.0/install/include]
  ignore line: [ /gpfs1l/gpfslocal/pub/gnu/7.3.0/install/lib/gcc/x86_64-pc-linux-gnu/7.3.0/include-fixed]
  ignore line: [ /usr/include]
  ignore line: [End of search list.]
  ignore line: [GNU C++14 (GCC) version 7.3.0 (x86_64-pc-linux-gnu)]
  ignore line: [	compiled by GNU C version 7.3.0, GMP version 6.1.2, MPFR version 3.1.6, MPC version 1.0.3, isl version isl-0.19-GMP]
  ignore line: []
  ignore line: [GGC heuristics: --param ggc-min-expand=100 --param ggc-min-heapsize=131072]
  ignore line: [Compiler executable checksum: a4ff714006fb4627ac39508051f307df]
  ignore line: [COLLECT_GCC_OPTIONS='-v' '-o' 'CMakeFiles/cmTC_45b2e.dir/CMakeCXXCompilerABI.cpp.o' '-c' '-shared-libgcc' '-mtune=generic' '-march=x86-64']
  ignore line: [ /gpfs1l/gpfslocal/pub/binutils/2.30/install/bin/as -v --64 -o CMakeFiles/cmTC_45b2e.dir/CMakeCXXCompilerABI.cpp.o /gpfslocal/pub/tmp/ccVueyYp.s]
  ignore line: [GNU assembler version 2.30 (x86_64-pc-linux-gnu) using BFD version (GNU Binutils) 2.30]
  ignore line: [COMPILER_PATH=/gpfs1l/gpfslocal/pub/gnu/7.3.0/install/libexec/gcc/x86_64-pc-linux-gnu/7.3.0/:/gpfs1l/gpfslocal/pub/gnu/7.3.0/install/libexec/gcc/x86_64-pc-linux-gnu/7.3.0/:/gpfs1l/gpfslocal/pub/gnu/7.3.0/install/libexec/gcc/x86_64-pc-linux-gnu/:/gpfs1l/gpfslocal/pub/gnu/7.3.0/install/lib/gcc/x86_64-pc-linux-gnu/7.3.0/:/gpfs1l/gpfslocal/pub/gnu/7.3.0/install/lib/gcc/x86_64-pc-linux-gnu/]
  ignore line: [LIBRARY_PATH=/gpfs1l/gpfslocal/pub/gnu/7.3.0/install/lib/gcc/x86_64-pc-linux-gnu/7.3.0/:/gpfs1l/gpfslocal/pub/gnu/7.3.0/install/lib/gcc/x86_64-pc-linux-gnu/7.3.0/../../../../lib64/:/lib/../lib64/:/usr/lib/../lib64/:/gpfs1l/gpfslocal/pub/gnu/7.3.0/install/lib/gcc/x86_64-pc-linux-gnu/7.3.0/../../../:/lib/:/usr/lib/]
  ignore line: [COLLECT_GCC_OPTIONS='-v' '-o' 'CMakeFiles/cmTC_45b2e.dir/CMakeCXXCompilerABI.cpp.o' '-c' '-shared-libgcc' '-mtune=generic' '-march=x86-64']
  ignore line: [Linking CXX executable cmTC_45b2e]
  ignore line: [/gpfs1l/gpfslocal/pub/cmake/build-3.14.1-gnu54/bin/cmake -E cmake_link_script CMakeFiles/cmTC_45b2e.dir/link.txt --verbose=1]
  ignore line: [/gpfslocal/pub/gnu/7.3.0/install/bin/g++      -v -rdynamic CMakeFiles/cmTC_45b2e.dir/CMakeCXXCompilerABI.cpp.o  -o cmTC_45b2e ]
  ignore line: [Using built-in specs.]
  ignore line: [COLLECT_GCC=/gpfslocal/pub/gnu/7.3.0/install/bin/g++]
  ignore line: [COLLECT_LTO_WRAPPER=/gpfs1l/gpfslocal/pub/gnu/7.3.0/install/libexec/gcc/x86_64-pc-linux-gnu/7.3.0/lto-wrapper]
  ignore line: [Target: x86_64-pc-linux-gnu]
  ignore line: [Configured with: /gpfs1l/gpfslocal/pub/gnu/7.3.0/src/gcc-7.3.0/configure --prefix=/gpfs1l/gpfslocal/pub/gnu/7.3.0/install --disable-multilib --with-as=/gpfs1l/gpfslocal/pub/binutils/2.30/install/bin/as --with-ld=/gpfs1l/gpfslocal/pub/binutils/2.30/install/bin/ld]
  ignore line: [Thread model: posix]
  ignore line: [gcc version 7.3.0 (GCC) ]
  ignore line: [COMPILER_PATH=/gpfs1l/gpfslocal/pub/gnu/7.3.0/install/libexec/gcc/x86_64-pc-linux-gnu/7.3.0/:/gpfs1l/gpfslocal/pub/gnu/7.3.0/install/libexec/gcc/x86_64-pc-linux-gnu/7.3.0/:/gpfs1l/gpfslocal/pub/gnu/7.3.0/install/libexec/gcc/x86_64-pc-linux-gnu/:/gpfs1l/gpfslocal/pub/gnu/7.3.0/install/lib/gcc/x86_64-pc-linux-gnu/7.3.0/:/gpfs1l/gpfslocal/pub/gnu/7.3.0/install/lib/gcc/x86_64-pc-linux-gnu/]
  ignore line: [LIBRARY_PATH=/gpfs1l/gpfslocal/pub/gnu/7.3.0/install/lib/gcc/x86_64-pc-linux-gnu/7.3.0/:/gpfs1l/gpfslocal/pub/gnu/7.3.0/install/lib/gcc/x86_64-pc-linux-gnu/7.3.0/../../../../lib64/:/lib/../lib64/:/usr/lib/../lib64/:/gpfs1l/gpfslocal/pub/gnu/7.3.0/install/lib/gcc/x86_64-pc-linux-gnu/7.3.0/../../../:/lib/:/usr/lib/]
  ignore line: [COLLECT_GCC_OPTIONS='-v' '-rdynamic' '-o' 'cmTC_45b2e' '-shared-libgcc' '-mtune=generic' '-march=x86-64']
  link line: [ /gpfs1l/gpfslocal/pub/gnu/7.3.0/install/libexec/gcc/x86_64-pc-linux-gnu/7.3.0/collect2 -plugin /gpfs1l/gpfslocal/pub/gnu/7.3.0/install/libexec/gcc/x86_64-pc-linux-gnu/7.3.0/liblto_plugin.so -plugin-opt=/gpfs1l/gpfslocal/pub/gnu/7.3.0/install/libexec/gcc/x86_64-pc-linux-gnu/7.3.0/lto-wrapper -plugin-opt=-fresolution=/gpfslocal/pub/tmp/ccz68Jkw.res -plugin-opt=-pass-through=-lgcc_s -plugin-opt=-pass-through=-lgcc -plugin-opt=-pass-through=-lc -plugin-opt=-pass-through=-lgcc_s -plugin-opt=-pass-through=-lgcc --eh-frame-hdr -m elf_x86_64 -export-dynamic -dynamic-linker /lib64/ld-linux-x86-64.so.2 -o cmTC_45b2e /usr/lib/../lib64/crt1.o /usr/lib/../lib64/crti.o /gpfs1l/gpfslocal/pub/gnu/7.3.0/install/lib/gcc/x86_64-pc-linux-gnu/7.3.0/crtbegin.o -L/gpfs1l/gpfslocal/pub/gnu/7.3.0/install/lib/gcc/x86_64-pc-linux-gnu/7.3.0 -L/gpfs1l/gpfslocal/pub/gnu/7.3.0/install/lib/gcc/x86_64-pc-linux-gnu/7.3.0/../../../../lib64 -L/lib/../lib64 -L/usr/lib/../lib64 -L/gpfs1l/gpfslocal/pub/gnu/7.3.0/install/lib/gcc/x86_64-pc-linux-gnu/7.3.0/../../.. CMakeFiles/cmTC_45b2e.dir/CMakeCXXCompilerABI.cpp.o -lstdc++ -lm -lgcc_s -lgcc -lc -lgcc_s -lgcc /gpfs1l/gpfslocal/pub/gnu/7.3.0/install/lib/gcc/x86_64-pc-linux-gnu/7.3.0/crtend.o /usr/lib/../lib64/crtn.o]
    arg [/gpfs1l/gpfslocal/pub/gnu/7.3.0/install/libexec/gcc/x86_64-pc-linux-gnu/7.3.0/collect2] ==> ignore
    arg [-plugin] ==> ignore
    arg [/gpfs1l/gpfslocal/pub/gnu/7.3.0/install/libexec/gcc/x86_64-pc-linux-gnu/7.3.0/liblto_plugin.so] ==> ignore
    arg [-plugin-opt=/gpfs1l/gpfslocal/pub/gnu/7.3.0/install/libexec/gcc/x86_64-pc-linux-gnu/7.3.0/lto-wrapper] ==> ignore
    arg [-plugin-opt=-fresolution=/gpfslocal/pub/tmp/ccz68Jkw.res] ==> ignore
    arg [-plugin-opt=-pass-through=-lgcc_s] ==> ignore
    arg [-plugin-opt=-pass-through=-lgcc] ==> ignore
    arg [-plugin-opt=-pass-through=-lc] ==> ignore
    arg [-plugin-opt=-pass-through=-lgcc_s] ==> ignore
    arg [-plugin-opt=-pass-through=-lgcc] ==> ignore
    arg [--eh-frame-hdr] ==> ignore
    arg [-m] ==> ignore
    arg [elf_x86_64] ==> ignore
    arg [-export-dynamic] ==> ignore
    arg [-dynamic-linker] ==> ignore
    arg [/lib64/ld-linux-x86-64.so.2] ==> ignore
    arg [-o] ==> ignore
    arg [cmTC_45b2e] ==> ignore
    arg [/usr/lib/../lib64/crt1.o] ==> ignore
    arg [/usr/lib/../lib64/crti.o] ==> ignore
    arg [/gpfs1l/gpfslocal/pub/gnu/7.3.0/install/lib/gcc/x86_64-pc-linux-gnu/7.3.0/crtbegin.o] ==> ignore
    arg [-L/gpfs1l/gpfslocal/pub/gnu/7.3.0/install/lib/gcc/x86_64-pc-linux-gnu/7.3.0] ==> dir [/gpfs1l/gpfslocal/pub/gnu/7.3.0/install/lib/gcc/x86_64-pc-linux-gnu/7.3.0]
    arg [-L/gpfs1l/gpfslocal/pub/gnu/7.3.0/install/lib/gcc/x86_64-pc-linux-gnu/7.3.0/../../../../lib64] ==> dir [/gpfs1l/gpfslocal/pub/gnu/7.3.0/install/lib/gcc/x86_64-pc-linux-gnu/7.3.0/../../../../lib64]
    arg [-L/lib/../lib64] ==> dir [/lib/../lib64]
    arg [-L/usr/lib/../lib64] ==> dir [/usr/lib/../lib64]
    arg [-L/gpfs1l/gpfslocal/pub/gnu/7.3.0/install/lib/gcc/x86_64-pc-linux-gnu/7.3.0/../../..] ==> dir [/gpfs1l/gpfslocal/pub/gnu/7.3.0/install/lib/gcc/x86_64-pc-linux-gnu/7.3.0/../../..]
    arg [CMakeFiles/cmTC_45b2e.dir/CMakeCXXCompilerABI.cpp.o] ==> ignore
    arg [-lstdc++] ==> lib [stdc++]
    arg [-lm] ==> lib [m]
    arg [-lgcc_s] ==> lib [gcc_s]
    arg [-lgcc] ==> lib [gcc]
    arg [-lc] ==> lib [c]
    arg [-lgcc_s] ==> lib [gcc_s]
    arg [-lgcc] ==> lib [gcc]
    arg [/gpfs1l/gpfslocal/pub/gnu/7.3.0/install/lib/gcc/x86_64-pc-linux-gnu/7.3.0/crtend.o] ==> ignore
    arg [/usr/lib/../lib64/crtn.o] ==> ignore
  collapse library dir [/gpfs1l/gpfslocal/pub/gnu/7.3.0/install/lib/gcc/x86_64-pc-linux-gnu/7.3.0] ==> [/gpfs1l/gpfslocal/pub/gnu/7.3.0/install/lib/gcc/x86_64-pc-linux-gnu/7.3.0]
  collapse library dir [/gpfs1l/gpfslocal/pub/gnu/7.3.0/install/lib/gcc/x86_64-pc-linux-gnu/7.3.0/../../../../lib64] ==> [/gpfs1l/gpfslocal/pub/gnu/7.3.0/install/lib64]
  collapse library dir [/lib/../lib64] ==> [/lib64]
  collapse library dir [/usr/lib/../lib64] ==> [/usr/lib64]
  collapse library dir [/gpfs1l/gpfslocal/pub/gnu/7.3.0/install/lib/gcc/x86_64-pc-linux-gnu/7.3.0/../../..] ==> [/gpfs1l/gpfslocal/pub/gnu/7.3.0/install/lib]
  implicit libs: [stdc++;m;gcc_s;gcc;c;gcc_s;gcc]
  implicit dirs: [/gpfs1l/gpfslocal/pub/gnu/7.3.0/install/lib/gcc/x86_64-pc-linux-gnu/7.3.0;/gpfs1l/gpfslocal/pub/gnu/7.3.0/install/lib64;/lib64;/usr/lib64;/gpfs1l/gpfslocal/pub/gnu/7.3.0/install/lib]
  implicit fwks: []




Detecting CXX [-std=c++1z] compiler features compiled with the following output:
Change Dir: /gpfsdata/zziqiang/new/aLaR/new/euler_kokkos_two_phase_ftac/buil/CMakeFiles/CMakeTmp

Run Build Command(s):/usr/bin/gmake cmTC_c560c/fast 
/usr/bin/gmake -f CMakeFiles/cmTC_c560c.dir/build.make CMakeFiles/cmTC_c560c.dir/build
gmake[1]: entrant dans le répertoire « /gpfsdata/zziqiang/new/aLaR/new/euler_kokkos_two_phase_ftac/buil/CMakeFiles/CMakeTmp »
Building CXX object CMakeFiles/cmTC_c560c.dir/feature_tests.cxx.o
/gpfslocal/pub/gnu/7.3.0/install/bin/g++    -std=c++1z -o CMakeFiles/cmTC_c560c.dir/feature_tests.cxx.o -c /gpfsdata/zziqiang/new/aLaR/new/euler_kokkos_two_phase_ftac/buil/CMakeFiles/feature_tests.cxx
Linking CXX executable cmTC_c560c
/gpfs1l/gpfslocal/pub/cmake/build-3.14.1-gnu54/bin/cmake -E cmake_link_script CMakeFiles/cmTC_c560c.dir/link.txt --verbose=1
/gpfslocal/pub/gnu/7.3.0/install/bin/g++       -rdynamic CMakeFiles/cmTC_c560c.dir/feature_tests.cxx.o  -o cmTC_c560c 
gmake[1]: quittant le répertoire « /gpfsdata/zziqiang/new/aLaR/new/euler_kokkos_two_phase_ftac/buil/CMakeFiles/CMakeTmp »


    Feature record: CXX_FEATURE:1cxx_aggregate_default_initializers
    Feature record: CXX_FEATURE:1cxx_alias_templates
    Feature record: CXX_FEATURE:1cxx_alignas
    Feature record: CXX_FEATURE:1cxx_alignof
    Feature record: CXX_FEATURE:1cxx_attributes
    Feature record: CXX_FEATURE:1cxx_attribute_deprecated
    Feature record: CXX_FEATURE:1cxx_auto_type
    Feature record: CXX_FEATURE:1cxx_binary_literals
    Feature record: CXX_FEATURE:1cxx_constexpr
    Feature record: CXX_FEATURE:1cxx_contextual_conversions
    Feature record: CXX_FEATURE:1cxx_decltype
    Feature record: CXX_FEATURE:1cxx_decltype_auto
    Feature record: CXX_FEATURE:1cxx_decltype_incomplete_return_types
    Feature record: CXX_FEATURE:1cxx_default_function_template_args
    Feature record: CXX_FEATURE:1cxx_defaulted_functions
    Feature record: CXX_FEATURE:1cxx_defaulted_move_initializers
    Feature record: CXX_FEATURE:1cxx_delegating_constructors
    Feature record: CXX_FEATURE:1cxx_deleted_functions
    Feature record: CXX_FEATURE:1cxx_digit_separators
    Feature record: CXX_FEATURE:1cxx_enum_forward_declarations
    Feature record: CXX_FEATURE:1cxx_explicit_conversions
    Feature record: CXX_FEATURE:1cxx_extended_friend_declarations
    Feature record: CXX_FEATURE:1cxx_extern_templates
    Feature record: CXX_FEATURE:1cxx_final
    Feature record: CXX_FEATURE:1cxx_func_identifier
    Feature record: CXX_FEATURE:1cxx_generalized_initializers
    Feature record: CXX_FEATURE:1cxx_generic_lambdas
    Feature record: CXX_FEATURE:1cxx_inheriting_constructors
    Feature record: CXX_FEATURE:1cxx_inline_namespaces
    Feature record: CXX_FEATURE:1cxx_lambdas
    Feature record: CXX_FEATURE:1cxx_lambda_init_captures
    Feature record: CXX_FEATURE:1cxx_local_type_template_args
    Feature record: CXX_FEATURE:1cxx_long_long_type
    Feature record: CXX_FEATURE:1cxx_noexcept
    Feature record: CXX_FEATURE:1cxx_nonstatic_member_init
    Feature record: CXX_FEATURE:1cxx_nullptr
    Feature record: CXX_FEATURE:1cxx_override
    Feature record: CXX_FEATURE:1cxx_range_for
    Feature record: CXX_FEATURE:1cxx_raw_string_literals
    Feature record: CXX_FEATURE:1cxx_reference_qualified_functions
    Feature record: CXX_FEATURE:1cxx_relaxed_constexpr
    Feature record: CXX_FEATURE:1cxx_return_type_deduction
    Feature record: CXX_FEATURE:1cxx_right_angle_brackets
    Feature record: CXX_FEATURE:1cxx_rvalue_references
    Feature record: CXX_FEATURE:1cxx_sizeof_member
    Feature record: CXX_FEATURE:1cxx_static_assert
    Feature record: CXX_FEATURE:1cxx_strong_enums
    Feature record: CXX_FEATURE:1cxx_template_template_parameters
    Feature record: CXX_FEATURE:1cxx_thread_local
    Feature record: CXX_FEATURE:1cxx_trailing_return_types
    Feature record: CXX_FEATURE:1cxx_unicode_literals
    Feature record: CXX_FEATURE:1cxx_uniform_initialization
    Feature record: CXX_FEATURE:1cxx_unrestricted_unions
    Feature record: CXX_FEATURE:1cxx_user_literals
    Feature record: CXX_FEATURE:1cxx_variable_templates
    Feature record: CXX_FEATURE:1cxx_variadic_macros
    Feature record: CXX_FEATURE:1cxx_variadic_templates


Detecting CXX [-std=c++14] compiler features compiled with the following output:
Change Dir: /gpfsdata/zziqiang/new/aLaR/new/euler_kokkos_two_phase_ftac/buil/CMakeFiles/CMakeTmp

Run Build Command(s):/usr/bin/gmake cmTC_b0c66/fast 
/usr/bin/gmake -f CMakeFiles/cmTC_b0c66.dir/build.make CMakeFiles/cmTC_b0c66.dir/build
gmake[1]: entrant dans le répertoire « /gpfsdata/zziqiang/new/aLaR/new/euler_kokkos_two_phase_ftac/buil/CMakeFiles/CMakeTmp »
Building CXX object CMakeFiles/cmTC_b0c66.dir/feature_tests.cxx.o
/gpfslocal/pub/gnu/7.3.0/install/bin/g++    -std=c++14 -o CMakeFiles/cmTC_b0c66.dir/feature_tests.cxx.o -c /gpfsdata/zziqiang/new/aLaR/new/euler_kokkos_two_phase_ftac/buil/CMakeFiles/feature_tests.cxx
Linking CXX executable cmTC_b0c66
/gpfs1l/gpfslocal/pub/cmake/build-3.14.1-gnu54/bin/cmake -E cmake_link_script CMakeFiles/cmTC_b0c66.dir/link.txt --verbose=1
/gpfslocal/pub/gnu/7.3.0/install/bin/g++       -rdynamic CMakeFiles/cmTC_b0c66.dir/feature_tests.cxx.o  -o cmTC_b0c66 
gmake[1]: quittant le répertoire « /gpfsdata/zziqiang/new/aLaR/new/euler_kokkos_two_phase_ftac/buil/CMakeFiles/CMakeTmp »


    Feature record: CXX_FEATURE:1cxx_aggregate_default_initializers
    Feature record: CXX_FEATURE:1cxx_alias_templates
    Feature record: CXX_FEATURE:1cxx_alignas
    Feature record: CXX_FEATURE:1cxx_alignof
    Feature record: CXX_FEATURE:1cxx_attributes
    Feature record: CXX_FEATURE:1cxx_attribute_deprecated
    Feature record: CXX_FEATURE:1cxx_auto_type
    Feature record: CXX_FEATURE:1cxx_binary_literals
    Feature record: CXX_FEATURE:1cxx_constexpr
    Feature record: CXX_FEATURE:1cxx_contextual_conversions
    Feature record: CXX_FEATURE:1cxx_decltype
    Feature record: CXX_FEATURE:1cxx_decltype_auto
    Feature record: CXX_FEATURE:1cxx_decltype_incomplete_return_types
    Feature record: CXX_FEATURE:1cxx_default_function_template_args
    Feature record: CXX_FEATURE:1cxx_defaulted_functions
    Feature record: CXX_FEATURE:1cxx_defaulted_move_initializers
    Feature record: CXX_FEATURE:1cxx_delegating_constructors
    Feature record: CXX_FEATURE:1cxx_deleted_functions
    Feature record: CXX_FEATURE:1cxx_digit_separators
    Feature record: CXX_FEATURE:1cxx_enum_forward_declarations
    Feature record: CXX_FEATURE:1cxx_explicit_conversions
    Feature record: CXX_FEATURE:1cxx_extended_friend_declarations
    Feature record: CXX_FEATURE:1cxx_extern_templates
    Feature record: CXX_FEATURE:1cxx_final
    Feature record: CXX_FEATURE:1cxx_func_identifier
    Feature record: CXX_FEATURE:1cxx_generalized_initializers
    Feature record: CXX_FEATURE:1cxx_generic_lambdas
    Feature record: CXX_FEATURE:1cxx_inheriting_constructors
    Feature record: CXX_FEATURE:1cxx_inline_namespaces
    Feature record: CXX_FEATURE:1cxx_lambdas
    Feature record: CXX_FEATURE:1cxx_lambda_init_captures
    Feature record: CXX_FEATURE:1cxx_local_type_template_args
    Feature record: CXX_FEATURE:1cxx_long_long_type
    Feature record: CXX_FEATURE:1cxx_noexcept
    Feature record: CXX_FEATURE:1cxx_nonstatic_member_init
    Feature record: CXX_FEATURE:1cxx_nullptr
    Feature record: CXX_FEATURE:1cxx_override
    Feature record: CXX_FEATURE:1cxx_range_for
    Feature record: CXX_FEATURE:1cxx_raw_string_literals
    Feature record: CXX_FEATURE:1cxx_reference_qualified_functions
    Feature record: CXX_FEATURE:1cxx_relaxed_constexpr
    Feature record: CXX_FEATURE:1cxx_return_type_deduction
    Feature record: CXX_FEATURE:1cxx_right_angle_brackets
    Feature record: CXX_FEATURE:1cxx_rvalue_references
    Feature record: CXX_FEATURE:1cxx_sizeof_member
    Feature record: CXX_FEATURE:1cxx_static_assert
    Feature record: CXX_FEATURE:1cxx_strong_enums
    Feature record: CXX_FEATURE:1cxx_template_template_parameters
    Feature record: CXX_FEATURE:1cxx_thread_local
    Feature record: CXX_FEATURE:1cxx_trailing_return_types
    Feature record: CXX_FEATURE:1cxx_unicode_literals
    Feature record: CXX_FEATURE:1cxx_uniform_initialization
    Feature record: CXX_FEATURE:1cxx_unrestricted_unions
    Feature record: CXX_FEATURE:1cxx_user_literals
    Feature record: CXX_FEATURE:1cxx_variable_templates
    Feature record: CXX_FEATURE:1cxx_variadic_macros
    Feature record: CXX_FEATURE:1cxx_variadic_templates


Detecting CXX [-std=c++11] compiler features compiled with the following output:
Change Dir: /gpfsdata/zziqiang/new/aLaR/new/euler_kokkos_two_phase_ftac/buil/CMakeFiles/CMakeTmp

Run Build Command(s):/usr/bin/gmake cmTC_47313/fast 
/usr/bin/gmake -f CMakeFiles/cmTC_47313.dir/build.make CMakeFiles/cmTC_47313.dir/build
gmake[1]: entrant dans le répertoire « /gpfsdata/zziqiang/new/aLaR/new/euler_kokkos_two_phase_ftac/buil/CMakeFiles/CMakeTmp »
Building CXX object CMakeFiles/cmTC_47313.dir/feature_tests.cxx.o
/gpfslocal/pub/gnu/7.3.0/install/bin/g++    -std=c++11 -o CMakeFiles/cmTC_47313.dir/feature_tests.cxx.o -c /gpfsdata/zziqiang/new/aLaR/new/euler_kokkos_two_phase_ftac/buil/CMakeFiles/feature_tests.cxx
Linking CXX executable cmTC_47313
/gpfs1l/gpfslocal/pub/cmake/build-3.14.1-gnu54/bin/cmake -E cmake_link_script CMakeFiles/cmTC_47313.dir/link.txt --verbose=1
/gpfslocal/pub/gnu/7.3.0/install/bin/g++       -rdynamic CMakeFiles/cmTC_47313.dir/feature_tests.cxx.o  -o cmTC_47313 
gmake[1]: quittant le répertoire « /gpfsdata/zziqiang/new/aLaR/new/euler_kokkos_two_phase_ftac/buil/CMakeFiles/CMakeTmp »


    Feature record: CXX_FEATURE:0cxx_aggregate_default_initializers
    Feature record: CXX_FEATURE:1cxx_alias_templates
    Feature record: CXX_FEATURE:1cxx_alignas
    Feature record: CXX_FEATURE:1cxx_alignof
    Feature record: CXX_FEATURE:1cxx_attributes
    Feature record: CXX_FEATURE:0cxx_attribute_deprecated
    Feature record: CXX_FEATURE:1cxx_auto_type
    Feature record: CXX_FEATURE:0cxx_binary_literals
    Feature record: CXX_FEATURE:1cxx_constexpr
    Feature record: CXX_FEATURE:0cxx_contextual_conversions
    Feature record: CXX_FEATURE:1cxx_decltype
    Feature record: CXX_FEATURE:0cxx_decltype_auto
    Feature record: CXX_FEATURE:1cxx_decltype_incomplete_return_types
    Feature record: CXX_FEATURE:1cxx_default_function_template_args
    Feature record: CXX_FEATURE:1cxx_defaulted_functions
    Feature record: CXX_FEATURE:1cxx_defaulted_move_initializers
    Feature record: CXX_FEATURE:1cxx_delegating_constructors
    Feature record: CXX_FEATURE:1cxx_deleted_functions
    Feature record: CXX_FEATURE:0cxx_digit_separators
    Feature record: CXX_FEATURE:1cxx_enum_forward_declarations
    Feature record: CXX_FEATURE:1cxx_explicit_conversions
    Feature record: CXX_FEATURE:1cxx_extended_friend_declarations
    Feature record: CXX_FEATURE:1cxx_extern_templates
    Feature record: CXX_FEATURE:1cxx_final
    Feature record: CXX_FEATURE:1cxx_func_identifier
    Feature record: CXX_FEATURE:1cxx_generalized_initializers
    Feature record: CXX_FEATURE:0cxx_generic_lambdas
    Feature record: CXX_FEATURE:1cxx_inheriting_constructors
    Feature record: CXX_FEATURE:1cxx_inline_namespaces
    Feature record: CXX_FEATURE:1cxx_lambdas
    Feature record: CXX_FEATURE:0cxx_lambda_init_captures
    Feature record: CXX_FEATURE:1cxx_local_type_template_args
    Feature record: CXX_FEATURE:1cxx_long_long_type
    Feature record: CXX_FEATURE:1cxx_noexcept
    Feature record: CXX_FEATURE:1cxx_nonstatic_member_init
    Feature record: CXX_FEATURE:1cxx_nullptr
    Feature record: CXX_FEATURE:1cxx_override
    Feature record: CXX_FEATURE:1cxx_range_for
    Feature record: CXX_FEATURE:1cxx_raw_string_literals
    Feature record: CXX_FEATURE:1cxx_reference_qualified_functions
    Feature record: CXX_FEATURE:0cxx_relaxed_constexpr
    Feature record: CXX_FEATURE:0cxx_return_type_deduction
    Feature record: CXX_FEATURE:1cxx_right_angle_brackets
    Feature record: CXX_FEATURE:1cxx_rvalue_references
    Feature record: CXX_FEATURE:1cxx_sizeof_member
    Feature record: CXX_FEATURE:1cxx_static_assert
    Feature record: CXX_FEATURE:1cxx_strong_enums
    Feature record: CXX_FEATURE:1cxx_template_template_parameters
    Feature record: CXX_FEATURE:1cxx_thread_local
    Feature record: CXX_FEATURE:1cxx_trailing_return_types
    Feature record: CXX_FEATURE:1cxx_unicode_literals
    Feature record: CXX_FEATURE:1cxx_uniform_initialization
    Feature record: CXX_FEATURE:1cxx_unrestricted_unions
    Feature record: CXX_FEATURE:1cxx_user_literals
    Feature record: CXX_FEATURE:0cxx_variable_templates
    Feature record: CXX_FEATURE:1cxx_variadic_macros
    Feature record: CXX_FEATURE:1cxx_variadic_templates


Detecting CXX [-std=c++98] compiler features compiled with the following output:
Change Dir: /gpfsdata/zziqiang/new/aLaR/new/euler_kokkos_two_phase_ftac/buil/CMakeFiles/CMakeTmp

Run Build Command(s):/usr/bin/gmake cmTC_1c578/fast 
/usr/bin/gmake -f CMakeFiles/cmTC_1c578.dir/build.make CMakeFiles/cmTC_1c578.dir/build
gmake[1]: entrant dans le répertoire « /gpfsdata/zziqiang/new/aLaR/new/euler_kokkos_two_phase_ftac/buil/CMakeFiles/CMakeTmp »
Building CXX object CMakeFiles/cmTC_1c578.dir/feature_tests.cxx.o
/gpfslocal/pub/gnu/7.3.0/install/bin/g++    -std=c++98 -o CMakeFiles/cmTC_1c578.dir/feature_tests.cxx.o -c /gpfsdata/zziqiang/new/aLaR/new/euler_kokkos_two_phase_ftac/buil/CMakeFiles/feature_tests.cxx
Linking CXX executable cmTC_1c578
/gpfs1l/gpfslocal/pub/cmake/build-3.14.1-gnu54/bin/cmake -E cmake_link_script CMakeFiles/cmTC_1c578.dir/link.txt --verbose=1
/gpfslocal/pub/gnu/7.3.0/install/bin/g++       -rdynamic CMakeFiles/cmTC_1c578.dir/feature_tests.cxx.o  -o cmTC_1c578 
gmake[1]: quittant le répertoire « /gpfsdata/zziqiang/new/aLaR/new/euler_kokkos_two_phase_ftac/buil/CMakeFiles/CMakeTmp »


    Feature record: CXX_FEATURE:0cxx_aggregate_default_initializers
    Feature record: CXX_FEATURE:0cxx_alias_templates
    Feature record: CXX_FEATURE:0cxx_alignas
    Feature record: CXX_FEATURE:0cxx_alignof
    Feature record: CXX_FEATURE:0cxx_attributes
    Feature record: CXX_FEATURE:0cxx_attribute_deprecated
    Feature record: CXX_FEATURE:0cxx_auto_type
    Feature record: CXX_FEATURE:0cxx_binary_literals
    Feature record: CXX_FEATURE:0cxx_constexpr
    Feature record: CXX_FEATURE:0cxx_contextual_conversions
    Feature record: CXX_FEATURE:0cxx_decltype
    Feature record: CXX_FEATURE:0cxx_decltype_auto
    Feature record: CXX_FEATURE:0cxx_decltype_incomplete_return_types
    Feature record: CXX_FEATURE:0cxx_default_function_template_args
    Feature record: CXX_FEATURE:0cxx_defaulted_functions
    Feature record: CXX_FEATURE:0cxx_defaulted_move_initializers
    Feature record: CXX_FEATURE:0cxx_delegating_constructors
    Feature record: CXX_FEATURE:0cxx_deleted_functions
    Feature record: CXX_FEATURE:0cxx_digit_separators
    Feature record: CXX_FEATURE:0cxx_enum_forward_declarations
    Feature record: CXX_FEATURE:0cxx_explicit_conversions
    Feature record: CXX_FEATURE:0cxx_extended_friend_declarations
    Feature record: CXX_FEATURE:0cxx_extern_templates
    Feature record: CXX_FEATURE:0cxx_final
    Feature record: CXX_FEATURE:0cxx_func_identifier
    Feature record: CXX_FEATURE:0cxx_generalized_initializers
    Feature record: CXX_FEATURE:0cxx_generic_lambdas
    Feature record: CXX_FEATURE:0cxx_inheriting_constructors
    Feature record: CXX_FEATURE:0cxx_inline_namespaces
    Feature record: CXX_FEATURE:0cxx_lambdas
    Feature record: CXX_FEATURE:0cxx_lambda_init_captures
    Feature record: CXX_FEATURE:0cxx_local_type_template_args
    Feature record: CXX_FEATURE:0cxx_long_long_type
    Feature record: CXX_FEATURE:0cxx_noexcept
    Feature record: CXX_FEATURE:0cxx_nonstatic_member_init
    Feature record: CXX_FEATURE:0cxx_nullptr
    Feature record: CXX_FEATURE:0cxx_override
    Feature record: CXX_FEATURE:0cxx_range_for
    Feature record: CXX_FEATURE:0cxx_raw_string_literals
    Feature record: CXX_FEATURE:0cxx_reference_qualified_functions
    Feature record: CXX_FEATURE:0cxx_relaxed_constexpr
    Feature record: CXX_FEATURE:0cxx_return_type_deduction
    Feature record: CXX_FEATURE:0cxx_right_angle_brackets
    Feature record: CXX_FEATURE:0cxx_rvalue_references
    Feature record: CXX_FEATURE:0cxx_sizeof_member
    Feature record: CXX_FEATURE:0cxx_static_assert
    Feature record: CXX_FEATURE:0cxx_strong_enums
    Feature record: CXX_FEATURE:1cxx_template_template_parameters
    Feature record: CXX_FEATURE:0cxx_thread_local
    Feature record: CXX_FEATURE:0cxx_trailing_return_types
    Feature record: CXX_FEATURE:0cxx_unicode_literals
    Feature record: CXX_FEATURE:0cxx_uniform_initialization
    Feature record: CXX_FEATURE:0cxx_unrestricted_unions
    Feature record: CXX_FEATURE:0cxx_user_literals
    Feature record: CXX_FEATURE:0cxx_variable_templates
    Feature record: CXX_FEATURE:0cxx_variadic_macros
    Feature record: CXX_FEATURE:0cxx_variadic_templates
Determining if the C compiler works passed with the following output:
Change Dir: /gpfsdata/zziqiang/new/aLaR/new/euler_kokkos_two_phase_ftac/buil/CMakeFiles/CMakeTmp

Run Build Command(s):/usr/bin/gmake cmTC_62850/fast 
/usr/bin/gmake -f CMakeFiles/cmTC_62850.dir/build.make CMakeFiles/cmTC_62850.dir/build
gmake[1]: entrant dans le répertoire « /gpfsdata/zziqiang/new/aLaR/new/euler_kokkos_two_phase_ftac/buil/CMakeFiles/CMakeTmp »
Building C object CMakeFiles/cmTC_62850.dir/testCCompiler.c.o
/gpfslocal/pub/gnu/7.3.0/install/bin/gcc    -o CMakeFiles/cmTC_62850.dir/testCCompiler.c.o   -c /gpfsdata/zziqiang/new/aLaR/new/euler_kokkos_two_phase_ftac/buil/CMakeFiles/CMakeTmp/testCCompiler.c
Linking C executable cmTC_62850
/gpfs1l/gpfslocal/pub/cmake/build-3.14.1-gnu54/bin/cmake -E cmake_link_script CMakeFiles/cmTC_62850.dir/link.txt --verbose=1
/gpfslocal/pub/gnu/7.3.0/install/bin/gcc      -rdynamic CMakeFiles/cmTC_62850.dir/testCCompiler.c.o  -o cmTC_62850 
gmake[1]: quittant le répertoire « /gpfsdata/zziqiang/new/aLaR/new/euler_kokkos_two_phase_ftac/buil/CMakeFiles/CMakeTmp »


Detecting C compiler ABI info compiled with the following output:
Change Dir: /gpfsdata/zziqiang/new/aLaR/new/euler_kokkos_two_phase_ftac/buil/CMakeFiles/CMakeTmp

Run Build Command(s):/usr/bin/gmake cmTC_297de/fast 
/usr/bin/gmake -f CMakeFiles/cmTC_297de.dir/build.make CMakeFiles/cmTC_297de.dir/build
gmake[1]: Entering directory `/gpfsdata/zziqiang/new/aLaR/new/euler_kokkos_two_phase_ftac/buil/CMakeFiles/CMakeTmp'
Building C object CMakeFiles/cmTC_297de.dir/CMakeCCompilerABI.c.o
/gpfslocal/pub/gnu/7.3.0/install/bin/gcc   -v -o CMakeFiles/cmTC_297de.dir/CMakeCCompilerABI.c.o   -c /gpfs1l/gpfslocal/pub/cmake/build-3.14.1-gnu54/share/cmake-3.14/Modules/CMakeCCompilerABI.c
Using built-in specs.
COLLECT_GCC=/gpfslocal/pub/gnu/7.3.0/install/bin/gcc
Target: x86_64-pc-linux-gnu
Configured with: /gpfs1l/gpfslocal/pub/gnu/7.3.0/src/gcc-7.3.0/configure --prefix=/gpfs1l/gpfslocal/pub/gnu/7.3.0/install --disable-multilib --with-as=/gpfs1l/gpfslocal/pub/binutils/2.30/install/bin/as --with-ld=/gpfs1l/gpfslocal/pub/binutils/2.30/install/bin/ld
Thread model: posix
gcc version 7.3.0 (GCC) 
COLLECT_GCC_OPTIONS='-v' '-o' 'CMakeFiles/cmTC_297de.dir/CMakeCCompilerABI.c.o' '-c' '-mtune=generic' '-march=x86-64'
 /gpfs1l/gpfslocal/pub/gnu/7.3.0/install/libexec/gcc/x86_64-pc-linux-gnu/7.3.0/cc1 -quiet -v /gpfs1l/gpfslocal/pub/cmake/build-3.14.1-gnu54/share/cmake-3.14/Modules/CMakeCCompilerABI.c -quiet -dumpbase CMakeCCompilerABI.c -mtune=generic -march=x86-64 -auxbase-strip CMakeFiles/cmTC_297de.dir/CMakeCCompilerABI.c.o -version -o /gpfslocal/pub/tmp/cc0MmgGO.s
GNU C11 (GCC) version 7.3.0 (x86_64-pc-linux-gnu)
	compiled by GNU C version 7.3.0, GMP version 6.1.2, MPFR version 3.1.6, MPC version 1.0.3, isl version isl-0.19-GMP

GGC heuristics: --param ggc-min-expand=100 --param ggc-min-heapsize=131072
ignoring nonexistent directory "/gpfs1l/gpfslocal/pub/gnu/7.3.0/install/lib/gcc/x86_64-pc-linux-gnu/7.3.0/../../../../x86_64-pc-linux-gnu/include"
#include "..." search starts here:
#include <...> search starts here:
 /gpfs1l/gpfslocal/pub/gnu/7.3.0/install/lib/gcc/x86_64-pc-linux-gnu/7.3.0/include
 /usr/local/include
 /gpfs1l/gpfslocal/pub/gnu/7.3.0/install/include
 /gpfs1l/gpfslocal/pub/gnu/7.3.0/install/lib/gcc/x86_64-pc-linux-gnu/7.3.0/include-fixed
 /usr/include
End of search list.
GNU C11 (GCC) version 7.3.0 (x86_64-pc-linux-gnu)
	compiled by GNU C version 7.3.0, GMP version 6.1.2, MPFR version 3.1.6, MPC version 1.0.3, isl version isl-0.19-GMP

GGC heuristics: --param ggc-min-expand=100 --param ggc-min-heapsize=131072
Compiler executable checksum: 2714222e903727b2a4eb71d47ef111a0
COLLECT_GCC_OPTIONS='-v' '-o' 'CMakeFiles/cmTC_297de.dir/CMakeCCompilerABI.c.o' '-c' '-mtune=generic' '-march=x86-64'
 /gpfs1l/gpfslocal/pub/binutils/2.30/install/bin/as -v --64 -o CMakeFiles/cmTC_297de.dir/CMakeCCompilerABI.c.o /gpfslocal/pub/tmp/cc0MmgGO.s
GNU assembler version 2.30 (x86_64-pc-linux-gnu) using BFD version (GNU Binutils) 2.30
COMPILER_PATH=/gpfs1l/gpfslocal/pub/gnu/7.3.0/install/libexec/gcc/x86_64-pc-linux-gnu/7.3.0/:/gpfs1l/gpfslocal/pub/gnu/7.3.0/install/libexec/gcc/x86_64-pc-linux-gnu/7.3.0/:/gpfs1l/gpfslocal/pub/gnu/7.3.0/install/libexec/gcc/x86_64-pc-linux-gnu/:/gpfs1l/gpfslocal/pub/gnu/7.3.0/install/lib/gcc/x86_64-pc-linux-gnu/7.3.0/:/gpfs1l/gpfslocal/pub/gnu/7.3.0/install/lib/gcc/x86_64-pc-linux-gnu/
LIBRARY_PATH=/gpfs1l/gpfslocal/pub/gnu/7.3.0/install/lib/gcc/x86_64-pc-linux-gnu/7.3.0/:/gpfs1l/gpfslocal/pub/gnu/7.3.0/install/lib/gcc/x86_64-pc-linux-gnu/7.3.0/../../../../lib64/:/lib/../lib64/:/usr/lib/../lib64/:/gpfs1l/gpfslocal/pub/gnu/7.3.0/install/lib/gcc/x86_64-pc-linux-gnu/7.3.0/../../../:/lib/:/usr/lib/
COLLECT_GCC_OPTIONS='-v' '-o' 'CMakeFiles/cmTC_297de.dir/CMakeCCompilerABI.c.o' '-c' '-mtune=generic' '-march=x86-64'
Linking C executable cmTC_297de
/gpfs1l/gpfslocal/pub/cmake/build-3.14.1-gnu54/bin/cmake -E cmake_link_script CMakeFiles/cmTC_297de.dir/link.txt --verbose=1
/gpfslocal/pub/gnu/7.3.0/install/bin/gcc     -v -rdynamic CMakeFiles/cmTC_297de.dir/CMakeCCompilerABI.c.o  -o cmTC_297de 
Using built-in specs.
COLLECT_GCC=/gpfslocal/pub/gnu/7.3.0/install/bin/gcc
COLLECT_LTO_WRAPPER=/gpfs1l/gpfslocal/pub/gnu/7.3.0/install/libexec/gcc/x86_64-pc-linux-gnu/7.3.0/lto-wrapper
Target: x86_64-pc-linux-gnu
Configured with: /gpfs1l/gpfslocal/pub/gnu/7.3.0/src/gcc-7.3.0/configure --prefix=/gpfs1l/gpfslocal/pub/gnu/7.3.0/install --disable-multilib --with-as=/gpfs1l/gpfslocal/pub/binutils/2.30/install/bin/as --with-ld=/gpfs1l/gpfslocal/pub/binutils/2.30/install/bin/ld
Thread model: posix
gcc version 7.3.0 (GCC) 
COMPILER_PATH=/gpfs1l/gpfslocal/pub/gnu/7.3.0/install/libexec/gcc/x86_64-pc-linux-gnu/7.3.0/:/gpfs1l/gpfslocal/pub/gnu/7.3.0/install/libexec/gcc/x86_64-pc-linux-gnu/7.3.0/:/gpfs1l/gpfslocal/pub/gnu/7.3.0/install/libexec/gcc/x86_64-pc-linux-gnu/:/gpfs1l/gpfslocal/pub/gnu/7.3.0/install/lib/gcc/x86_64-pc-linux-gnu/7.3.0/:/gpfs1l/gpfslocal/pub/gnu/7.3.0/install/lib/gcc/x86_64-pc-linux-gnu/
LIBRARY_PATH=/gpfs1l/gpfslocal/pub/gnu/7.3.0/install/lib/gcc/x86_64-pc-linux-gnu/7.3.0/:/gpfs1l/gpfslocal/pub/gnu/7.3.0/install/lib/gcc/x86_64-pc-linux-gnu/7.3.0/../../../../lib64/:/lib/../lib64/:/usr/lib/../lib64/:/gpfs1l/gpfslocal/pub/gnu/7.3.0/install/lib/gcc/x86_64-pc-linux-gnu/7.3.0/../../../:/lib/:/usr/lib/
COLLECT_GCC_OPTIONS='-v' '-rdynamic' '-o' 'cmTC_297de' '-mtune=generic' '-march=x86-64'
 /gpfs1l/gpfslocal/pub/gnu/7.3.0/install/libexec/gcc/x86_64-pc-linux-gnu/7.3.0/collect2 -plugin /gpfs1l/gpfslocal/pub/gnu/7.3.0/install/libexec/gcc/x86_64-pc-linux-gnu/7.3.0/liblto_plugin.so -plugin-opt=/gpfs1l/gpfslocal/pub/gnu/7.3.0/install/libexec/gcc/x86_64-pc-linux-gnu/7.3.0/lto-wrapper -plugin-opt=-fresolution=/gpfslocal/pub/tmp/ccOZ5wjU.res -plugin-opt=-pass-through=-lgcc -plugin-opt=-pass-through=-lgcc_s -plugin-opt=-pass-through=-lc -plugin-opt=-pass-through=-lgcc -plugin-opt=-pass-through=-lgcc_s --eh-frame-hdr -m elf_x86_64 -export-dynamic -dynamic-linker /lib64/ld-linux-x86-64.so.2 -o cmTC_297de /usr/lib/../lib64/crt1.o /usr/lib/../lib64/crti.o /gpfs1l/gpfslocal/pub/gnu/7.3.0/install/lib/gcc/x86_64-pc-linux-gnu/7.3.0/crtbegin.o -L/gpfs1l/gpfslocal/pub/gnu/7.3.0/install/lib/gcc/x86_64-pc-linux-gnu/7.3.0 -L/gpfs1l/gpfslocal/pub/gnu/7.3.0/install/lib/gcc/x86_64-pc-linux-gnu/7.3.0/../../../../lib64 -L/lib/../lib64 -L/usr/lib/../lib64 -L/gpfs1l/gpfslocal/pub/gnu/7.3.0/install/lib/gcc/x86_64-pc-linux-gnu/7.3.0/../../.. CMakeFiles/cmTC_297de.dir/CMakeCCompilerABI.c.o -lgcc --as-needed -lgcc_s --no-as-needed -lc -lgcc --as-needed -lgcc_s --no-as-needed /gpfs1l/gpfslocal/pub/gnu/7.3.0/install/lib/gcc/x86_64-pc-linux-gnu/7.3.0/crtend.o /usr/lib/../lib64/crtn.o
COLLECT_GCC_OPTIONS='-v' '-rdynamic' '-o' 'cmTC_297de' '-mtune=generic' '-march=x86-64'
gmake[1]: Leaving directory `/gpfsdata/zziqiang/new/aLaR/new/euler_kokkos_two_phase_ftac/buil/CMakeFiles/CMakeTmp'


Parsed C implicit include dir info from above output: rv=done
  found start of include info
  found start of implicit include info
    add: [/gpfs1l/gpfslocal/pub/gnu/7.3.0/install/lib/gcc/x86_64-pc-linux-gnu/7.3.0/include]
    add: [/usr/local/include]
    add: [/gpfs1l/gpfslocal/pub/gnu/7.3.0/install/include]
    add: [/gpfs1l/gpfslocal/pub/gnu/7.3.0/install/lib/gcc/x86_64-pc-linux-gnu/7.3.0/include-fixed]
    add: [/usr/include]
  end of search list found
  collapse include dir [/gpfs1l/gpfslocal/pub/gnu/7.3.0/install/lib/gcc/x86_64-pc-linux-gnu/7.3.0/include] ==> [/gpfs1l/gpfslocal/pub/gnu/7.3.0/install/lib/gcc/x86_64-pc-linux-gnu/7.3.0/include]
  collapse include dir [/usr/local/include] ==> [/usr/local/include]
  collapse include dir [/gpfs1l/gpfslocal/pub/gnu/7.3.0/install/include] ==> [/gpfs1l/gpfslocal/pub/gnu/7.3.0/install/include]
  collapse include dir [/gpfs1l/gpfslocal/pub/gnu/7.3.0/install/lib/gcc/x86_64-pc-linux-gnu/7.3.0/include-fixed] ==> [/gpfs1l/gpfslocal/pub/gnu/7.3.0/install/lib/gcc/x86_64-pc-linux-gnu/7.3.0/include-fixed]
  collapse include dir [/usr/include] ==> [/usr/include]
  implicit include dirs: [/gpfs1l/gpfslocal/pub/gnu/7.3.0/install/lib/gcc/x86_64-pc-linux-gnu/7.3.0/include;/usr/local/include;/gpfs1l/gpfslocal/pub/gnu/7.3.0/install/include;/gpfs1l/gpfslocal/pub/gnu/7.3.0/install/lib/gcc/x86_64-pc-linux-gnu/7.3.0/include-fixed;/usr/include]


Parsed C implicit link information from above output:
  link line regex: [^( *|.*[/\])(ld|CMAKE_LINK_STARTFILE-NOTFOUND|([^/\]+-)?ld|collect2)[^/\]*( |$)]
  ignore line: [Change Dir: /gpfsdata/zziqiang/new/aLaR/new/euler_kokkos_two_phase_ftac/buil/CMakeFiles/CMakeTmp]
  ignore line: []
  ignore line: [Run Build Command(s):/usr/bin/gmake cmTC_297de/fast ]
  ignore line: [/usr/bin/gmake -f CMakeFiles/cmTC_297de.dir/build.make CMakeFiles/cmTC_297de.dir/build]
  ignore line: [gmake[1]: Entering directory `/gpfsdata/zziqiang/new/aLaR/new/euler_kokkos_two_phase_ftac/buil/CMakeFiles/CMakeTmp']
  ignore line: [Building C object CMakeFiles/cmTC_297de.dir/CMakeCCompilerABI.c.o]
  ignore line: [/gpfslocal/pub/gnu/7.3.0/install/bin/gcc   -v -o CMakeFiles/cmTC_297de.dir/CMakeCCompilerABI.c.o   -c /gpfs1l/gpfslocal/pub/cmake/build-3.14.1-gnu54/share/cmake-3.14/Modules/CMakeCCompilerABI.c]
  ignore line: [Using built-in specs.]
  ignore line: [COLLECT_GCC=/gpfslocal/pub/gnu/7.3.0/install/bin/gcc]
  ignore line: [Target: x86_64-pc-linux-gnu]
  ignore line: [Configured with: /gpfs1l/gpfslocal/pub/gnu/7.3.0/src/gcc-7.3.0/configure --prefix=/gpfs1l/gpfslocal/pub/gnu/7.3.0/install --disable-multilib --with-as=/gpfs1l/gpfslocal/pub/binutils/2.30/install/bin/as --with-ld=/gpfs1l/gpfslocal/pub/binutils/2.30/install/bin/ld]
  ignore line: [Thread model: posix]
  ignore line: [gcc version 7.3.0 (GCC) ]
  ignore line: [COLLECT_GCC_OPTIONS='-v' '-o' 'CMakeFiles/cmTC_297de.dir/CMakeCCompilerABI.c.o' '-c' '-mtune=generic' '-march=x86-64']
  ignore line: [ /gpfs1l/gpfslocal/pub/gnu/7.3.0/install/libexec/gcc/x86_64-pc-linux-gnu/7.3.0/cc1 -quiet -v /gpfs1l/gpfslocal/pub/cmake/build-3.14.1-gnu54/share/cmake-3.14/Modules/CMakeCCompilerABI.c -quiet -dumpbase CMakeCCompilerABI.c -mtune=generic -march=x86-64 -auxbase-strip CMakeFiles/cmTC_297de.dir/CMakeCCompilerABI.c.o -version -o /gpfslocal/pub/tmp/cc0MmgGO.s]
  ignore line: [GNU C11 (GCC) version 7.3.0 (x86_64-pc-linux-gnu)]
  ignore line: [	compiled by GNU C version 7.3.0, GMP version 6.1.2, MPFR version 3.1.6, MPC version 1.0.3, isl version isl-0.19-GMP]
  ignore line: []
  ignore line: [GGC heuristics: --param ggc-min-expand=100 --param ggc-min-heapsize=131072]
  ignore line: [ignoring nonexistent directory "/gpfs1l/gpfslocal/pub/gnu/7.3.0/install/lib/gcc/x86_64-pc-linux-gnu/7.3.0/../../../../x86_64-pc-linux-gnu/include"]
  ignore line: [#include "..." search starts here:]
  ignore line: [#include <...> search starts here:]
  ignore line: [ /gpfs1l/gpfslocal/pub/gnu/7.3.0/install/lib/gcc/x86_64-pc-linux-gnu/7.3.0/include]
  ignore line: [ /usr/local/include]
  ignore line: [ /gpfs1l/gpfslocal/pub/gnu/7.3.0/install/include]
  ignore line: [ /gpfs1l/gpfslocal/pub/gnu/7.3.0/install/lib/gcc/x86_64-pc-linux-gnu/7.3.0/include-fixed]
  ignore line: [ /usr/include]
  ignore line: [End of search list.]
  ignore line: [GNU C11 (GCC) version 7.3.0 (x86_64-pc-linux-gnu)]
  ignore line: [	compiled by GNU C version 7.3.0, GMP version 6.1.2, MPFR version 3.1.6, MPC version 1.0.3, isl version isl-0.19-GMP]
  ignore line: []
  ignore line: [GGC heuristics: --param ggc-min-expand=100 --param ggc-min-heapsize=131072]
  ignore line: [Compiler executable checksum: 2714222e903727b2a4eb71d47ef111a0]
  ignore line: [COLLECT_GCC_OPTIONS='-v' '-o' 'CMakeFiles/cmTC_297de.dir/CMakeCCompilerABI.c.o' '-c' '-mtune=generic' '-march=x86-64']
  ignore line: [ /gpfs1l/gpfslocal/pub/binutils/2.30/install/bin/as -v --64 -o CMakeFiles/cmTC_297de.dir/CMakeCCompilerABI.c.o /gpfslocal/pub/tmp/cc0MmgGO.s]
  ignore line: [GNU assembler version 2.30 (x86_64-pc-linux-gnu) using BFD version (GNU Binutils) 2.30]
  ignore line: [COMPILER_PATH=/gpfs1l/gpfslocal/pub/gnu/7.3.0/install/libexec/gcc/x86_64-pc-linux-gnu/7.3.0/:/gpfs1l/gpfslocal/pub/gnu/7.3.0/install/libexec/gcc/x86_64-pc-linux-gnu/7.3.0/:/gpfs1l/gpfslocal/pub/gnu/7.3.0/install/libexec/gcc/x86_64-pc-linux-gnu/:/gpfs1l/gpfslocal/pub/gnu/7.3.0/install/lib/gcc/x86_64-pc-linux-gnu/7.3.0/:/gpfs1l/gpfslocal/pub/gnu/7.3.0/install/lib/gcc/x86_64-pc-linux-gnu/]
  ignore line: [LIBRARY_PATH=/gpfs1l/gpfslocal/pub/gnu/7.3.0/install/lib/gcc/x86_64-pc-linux-gnu/7.3.0/:/gpfs1l/gpfslocal/pub/gnu/7.3.0/install/lib/gcc/x86_64-pc-linux-gnu/7.3.0/../../../../lib64/:/lib/../lib64/:/usr/lib/../lib64/:/gpfs1l/gpfslocal/pub/gnu/7.3.0/install/lib/gcc/x86_64-pc-linux-gnu/7.3.0/../../../:/lib/:/usr/lib/]
  ignore line: [COLLECT_GCC_OPTIONS='-v' '-o' 'CMakeFiles/cmTC_297de.dir/CMakeCCompilerABI.c.o' '-c' '-mtune=generic' '-march=x86-64']
  ignore line: [Linking C executable cmTC_297de]
  ignore line: [/gpfs1l/gpfslocal/pub/cmake/build-3.14.1-gnu54/bin/cmake -E cmake_link_script CMakeFiles/cmTC_297de.dir/link.txt --verbose=1]
  ignore line: [/gpfslocal/pub/gnu/7.3.0/install/bin/gcc     -v -rdynamic CMakeFiles/cmTC_297de.dir/CMakeCCompilerABI.c.o  -o cmTC_297de ]
  ignore line: [Using built-in specs.]
  ignore line: [COLLECT_GCC=/gpfslocal/pub/gnu/7.3.0/install/bin/gcc]
  ignore line: [COLLECT_LTO_WRAPPER=/gpfs1l/gpfslocal/pub/gnu/7.3.0/install/libexec/gcc/x86_64-pc-linux-gnu/7.3.0/lto-wrapper]
  ignore line: [Target: x86_64-pc-linux-gnu]
  ignore line: [Configured with: /gpfs1l/gpfslocal/pub/gnu/7.3.0/src/gcc-7.3.0/configure --prefix=/gpfs1l/gpfslocal/pub/gnu/7.3.0/install --disable-multilib --with-as=/gpfs1l/gpfslocal/pub/binutils/2.30/install/bin/as --with-ld=/gpfs1l/gpfslocal/pub/binutils/2.30/install/bin/ld]
  ignore line: [Thread model: posix]
  ignore line: [gcc version 7.3.0 (GCC) ]
  ignore line: [COMPILER_PATH=/gpfs1l/gpfslocal/pub/gnu/7.3.0/install/libexec/gcc/x86_64-pc-linux-gnu/7.3.0/:/gpfs1l/gpfslocal/pub/gnu/7.3.0/install/libexec/gcc/x86_64-pc-linux-gnu/7.3.0/:/gpfs1l/gpfslocal/pub/gnu/7.3.0/install/libexec/gcc/x86_64-pc-linux-gnu/:/gpfs1l/gpfslocal/pub/gnu/7.3.0/install/lib/gcc/x86_64-pc-linux-gnu/7.3.0/:/gpfs1l/gpfslocal/pub/gnu/7.3.0/install/lib/gcc/x86_64-pc-linux-gnu/]
  ignore line: [LIBRARY_PATH=/gpfs1l/gpfslocal/pub/gnu/7.3.0/install/lib/gcc/x86_64-pc-linux-gnu/7.3.0/:/gpfs1l/gpfslocal/pub/gnu/7.3.0/install/lib/gcc/x86_64-pc-linux-gnu/7.3.0/../../../../lib64/:/lib/../lib64/:/usr/lib/../lib64/:/gpfs1l/gpfslocal/pub/gnu/7.3.0/install/lib/gcc/x86_64-pc-linux-gnu/7.3.0/../../../:/lib/:/usr/lib/]
  ignore line: [COLLECT_GCC_OPTIONS='-v' '-rdynamic' '-o' 'cmTC_297de' '-mtune=generic' '-march=x86-64']
  link line: [ /gpfs1l/gpfslocal/pub/gnu/7.3.0/install/libexec/gcc/x86_64-pc-linux-gnu/7.3.0/collect2 -plugin /gpfs1l/gpfslocal/pub/gnu/7.3.0/install/libexec/gcc/x86_64-pc-linux-gnu/7.3.0/liblto_plugin.so -plugin-opt=/gpfs1l/gpfslocal/pub/gnu/7.3.0/install/libexec/gcc/x86_64-pc-linux-gnu/7.3.0/lto-wrapper -plugin-opt=-fresolution=/gpfslocal/pub/tmp/ccOZ5wjU.res -plugin-opt=-pass-through=-lgcc -plugin-opt=-pass-through=-lgcc_s -plugin-opt=-pass-through=-lc -plugin-opt=-pass-through=-lgcc -plugin-opt=-pass-through=-lgcc_s --eh-frame-hdr -m elf_x86_64 -export-dynamic -dynamic-linker /lib64/ld-linux-x86-64.so.2 -o cmTC_297de /usr/lib/../lib64/crt1.o /usr/lib/../lib64/crti.o /gpfs1l/gpfslocal/pub/gnu/7.3.0/install/lib/gcc/x86_64-pc-linux-gnu/7.3.0/crtbegin.o -L/gpfs1l/gpfslocal/pub/gnu/7.3.0/install/lib/gcc/x86_64-pc-linux-gnu/7.3.0 -L/gpfs1l/gpfslocal/pub/gnu/7.3.0/install/lib/gcc/x86_64-pc-linux-gnu/7.3.0/../../../../lib64 -L/lib/../lib64 -L/usr/lib/../lib64 -L/gpfs1l/gpfslocal/pub/gnu/7.3.0/install/lib/gcc/x86_64-pc-linux-gnu/7.3.0/../../.. CMakeFiles/cmTC_297de.dir/CMakeCCompilerABI.c.o -lgcc --as-needed -lgcc_s --no-as-needed -lc -lgcc --as-needed -lgcc_s --no-as-needed /gpfs1l/gpfslocal/pub/gnu/7.3.0/install/lib/gcc/x86_64-pc-linux-gnu/7.3.0/crtend.o /usr/lib/../lib64/crtn.o]
    arg [/gpfs1l/gpfslocal/pub/gnu/7.3.0/install/libexec/gcc/x86_64-pc-linux-gnu/7.3.0/collect2] ==> ignore
    arg [-plugin] ==> ignore
    arg [/gpfs1l/gpfslocal/pub/gnu/7.3.0/install/libexec/gcc/x86_64-pc-linux-gnu/7.3.0/liblto_plugin.so] ==> ignore
    arg [-plugin-opt=/gpfs1l/gpfslocal/pub/gnu/7.3.0/install/libexec/gcc/x86_64-pc-linux-gnu/7.3.0/lto-wrapper] ==> ignore
    arg [-plugin-opt=-fresolution=/gpfslocal/pub/tmp/ccOZ5wjU.res] ==> ignore
    arg [-plugin-opt=-pass-through=-lgcc] ==> ignore
    arg [-plugin-opt=-pass-through=-lgcc_s] ==> ignore
    arg [-plugin-opt=-pass-through=-lc] ==> ignore
    arg [-plugin-opt=-pass-through=-lgcc] ==> ignore
    arg [-plugin-opt=-pass-through=-lgcc_s] ==> ignore
    arg [--eh-frame-hdr] ==> ignore
    arg [-m] ==> ignore
    arg [elf_x86_64] ==> ignore
    arg [-export-dynamic] ==> ignore
    arg [-dynamic-linker] ==> ignore
    arg [/lib64/ld-linux-x86-64.so.2] ==> ignore
    arg [-o] ==> ignore
    arg [cmTC_297de] ==> ignore
    arg [/usr/lib/../lib64/crt1.o] ==> ignore
    arg [/usr/lib/../lib64/crti.o] ==> ignore
    arg [/gpfs1l/gpfslocal/pub/gnu/7.3.0/install/lib/gcc/x86_64-pc-linux-gnu/7.3.0/crtbegin.o] ==> ignore
    arg [-L/gpfs1l/gpfslocal/pub/gnu/7.3.0/install/lib/gcc/x86_64-pc-linux-gnu/7.3.0] ==> dir [/gpfs1l/gpfslocal/pub/gnu/7.3.0/install/lib/gcc/x86_64-pc-linux-gnu/7.3.0]
    arg [-L/gpfs1l/gpfslocal/pub/gnu/7.3.0/install/lib/gcc/x86_64-pc-linux-gnu/7.3.0/../../../../lib64] ==> dir [/gpfs1l/gpfslocal/pub/gnu/7.3.0/install/lib/gcc/x86_64-pc-linux-gnu/7.3.0/../../../../lib64]
    arg [-L/lib/../lib64] ==> dir [/lib/../lib64]
    arg [-L/usr/lib/../lib64] ==> dir [/usr/lib/../lib64]
    arg [-L/gpfs1l/gpfslocal/pub/gnu/7.3.0/install/lib/gcc/x86_64-pc-linux-gnu/7.3.0/../../..] ==> dir [/gpfs1l/gpfslocal/pub/gnu/7.3.0/install/lib/gcc/x86_64-pc-linux-gnu/7.3.0/../../..]
    arg [CMakeFiles/cmTC_297de.dir/CMakeCCompilerABI.c.o] ==> ignore
    arg [-lgcc] ==> lib [gcc]
    arg [--as-needed] ==> ignore
    arg [-lgcc_s] ==> lib [gcc_s]
    arg [--no-as-needed] ==> ignore
    arg [-lc] ==> lib [c]
    arg [-lgcc] ==> lib [gcc]
    arg [--as-needed] ==> ignore
    arg [-lgcc_s] ==> lib [gcc_s]
    arg [--no-as-needed] ==> ignore
    arg [/gpfs1l/gpfslocal/pub/gnu/7.3.0/install/lib/gcc/x86_64-pc-linux-gnu/7.3.0/crtend.o] ==> ignore
    arg [/usr/lib/../lib64/crtn.o] ==> ignore
  collapse library dir [/gpfs1l/gpfslocal/pub/gnu/7.3.0/install/lib/gcc/x86_64-pc-linux-gnu/7.3.0] ==> [/gpfs1l/gpfslocal/pub/gnu/7.3.0/install/lib/gcc/x86_64-pc-linux-gnu/7.3.0]
  collapse library dir [/gpfs1l/gpfslocal/pub/gnu/7.3.0/install/lib/gcc/x86_64-pc-linux-gnu/7.3.0/../../../../lib64] ==> [/gpfs1l/gpfslocal/pub/gnu/7.3.0/install/lib64]
  collapse library dir [/lib/../lib64] ==> [/lib64]
  collapse library dir [/usr/lib/../lib64] ==> [/usr/lib64]
  collapse library dir [/gpfs1l/gpfslocal/pub/gnu/7.3.0/install/lib/gcc/x86_64-pc-linux-gnu/7.3.0/../../..] ==> [/gpfs1l/gpfslocal/pub/gnu/7.3.0/install/lib]
  implicit libs: [gcc;gcc_s;c;gcc;gcc_s]
  implicit dirs: [/gpfs1l/gpfslocal/pub/gnu/7.3.0/install/lib/gcc/x86_64-pc-linux-gnu/7.3.0;/gpfs1l/gpfslocal/pub/gnu/7.3.0/install/lib64;/lib64;/usr/lib64;/gpfs1l/gpfslocal/pub/gnu/7.3.0/install/lib]
  implicit fwks: []




Detecting C [-std=c11] compiler features compiled with the following output:
Change Dir: /gpfsdata/zziqiang/new/aLaR/new/euler_kokkos_two_phase_ftac/buil/CMakeFiles/CMakeTmp

Run Build Command(s):/usr/bin/gmake cmTC_075a8/fast 
/usr/bin/gmake -f CMakeFiles/cmTC_075a8.dir/build.make CMakeFiles/cmTC_075a8.dir/build
gmake[1]: entrant dans le répertoire « /gpfsdata/zziqiang/new/aLaR/new/euler_kokkos_two_phase_ftac/buil/CMakeFiles/CMakeTmp »
Building C object CMakeFiles/cmTC_075a8.dir/feature_tests.c.o
/gpfslocal/pub/gnu/7.3.0/install/bin/gcc   -std=c11 -o CMakeFiles/cmTC_075a8.dir/feature_tests.c.o   -c /gpfsdata/zziqiang/new/aLaR/new/euler_kokkos_two_phase_ftac/buil/CMakeFiles/feature_tests.c
Linking C executable cmTC_075a8
/gpfs1l/gpfslocal/pub/cmake/build-3.14.1-gnu54/bin/cmake -E cmake_link_script CMakeFiles/cmTC_075a8.dir/link.txt --verbose=1
/gpfslocal/pub/gnu/7.3.0/install/bin/gcc      -rdynamic CMakeFiles/cmTC_075a8.dir/feature_tests.c.o  -o cmTC_075a8 
gmake[1]: quittant le répertoire « /gpfsdata/zziqiang/new/aLaR/new/euler_kokkos_two_phase_ftac/buil/CMakeFiles/CMakeTmp »


    Feature record: C_FEATURE:1c_function_prototypes
    Feature record: C_FEATURE:1c_restrict
    Feature record: C_FEATURE:1c_static_assert
    Feature record: C_FEATURE:1c_variadic_macros


Detecting C [-std=c99] compiler features compiled with the following output:
Change Dir: /gpfsdata/zziqiang/new/aLaR/new/euler_kokkos_two_phase_ftac/buil/CMakeFiles/CMakeTmp

Run Build Command(s):/usr/bin/gmake cmTC_8744c/fast 
/usr/bin/gmake -f CMakeFiles/cmTC_8744c.dir/build.make CMakeFiles/cmTC_8744c.dir/build
gmake[1]: entrant dans le répertoire « /gpfsdata/zziqiang/new/aLaR/new/euler_kokkos_two_phase_ftac/buil/CMakeFiles/CMakeTmp »
Building C object CMakeFiles/cmTC_8744c.dir/feature_tests.c.o
/gpfslocal/pub/gnu/7.3.0/install/bin/gcc   -std=c99 -o CMakeFiles/cmTC_8744c.dir/feature_tests.c.o   -c /gpfsdata/zziqiang/new/aLaR/new/euler_kokkos_two_phase_ftac/buil/CMakeFiles/feature_tests.c
Linking C executable cmTC_8744c
/gpfs1l/gpfslocal/pub/cmake/build-3.14.1-gnu54/bin/cmake -E cmake_link_script CMakeFiles/cmTC_8744c.dir/link.txt --verbose=1
/gpfslocal/pub/gnu/7.3.0/install/bin/gcc      -rdynamic CMakeFiles/cmTC_8744c.dir/feature_tests.c.o  -o cmTC_8744c 
gmake[1]: quittant le répertoire « /gpfsdata/zziqiang/new/aLaR/new/euler_kokkos_two_phase_ftac/buil/CMakeFiles/CMakeTmp »


    Feature record: C_FEATURE:1c_function_prototypes
    Feature record: C_FEATURE:1c_restrict
    Feature record: C_FEATURE:0c_static_assert
    Feature record: C_FEATURE:1c_variadic_macros


Detecting C [-std=c90] compiler features compiled with the following output:
Change Dir: /gpfsdata/zziqiang/new/aLaR/new/euler_kokkos_two_phase_ftac/buil/CMakeFiles/CMakeTmp

Run Build Command(s):/usr/bin/gmake cmTC_ba751/fast 
/usr/bin/gmake -f CMakeFiles/cmTC_ba751.dir/build.make CMakeFiles/cmTC_ba751.dir/build
gmake[1]: entrant dans le répertoire « /gpfsdata/zziqiang/new/aLaR/new/euler_kokkos_two_phase_ftac/buil/CMakeFiles/CMakeTmp »
Building C object CMakeFiles/cmTC_ba751.dir/feature_tests.c.o
/gpfslocal/pub/gnu/7.3.0/install/bin/gcc   -std=c90 -o CMakeFiles/cmTC_ba751.dir/feature_tests.c.o   -c /gpfsdata/zziqiang/new/aLaR/new/euler_kokkos_two_phase_ftac/buil/CMakeFiles/feature_tests.c
Linking C executable cmTC_ba751
/gpfs1l/gpfslocal/pub/cmake/build-3.14.1-gnu54/bin/cmake -E cmake_link_script CMakeFiles/cmTC_ba751.dir/link.txt --verbose=1
/gpfslocal/pub/gnu/7.3.0/install/bin/gcc      -rdynamic CMakeFiles/cmTC_ba751.dir/feature_tests.c.o  -o cmTC_ba751 
gmake[1]: quittant le répertoire « /gpfsdata/zziqiang/new/aLaR/new/euler_kokkos_two_phase_ftac/buil/CMakeFiles/CMakeTmp »


    Feature record: C_FEATURE:1c_function_prototypes
    Feature record: C_FEATURE:0c_restrict
    Feature record: C_FEATURE:0c_static_assert
    Feature record: C_FEATURE:0c_variadic_macros
